# Logfile created on 2014-01-25 17:09:51 +0100 by logger.rb/41954
I, [2014-01-25T17:09:51.342640 #47047]  INFO -- : 0:  i18n (0.6.9) from /Users/lorenzo/.rvm/gems/ruby-2.0.0-p353@elixir/specifications/i18n-0.6.9.gemspec
I, [2014-01-25T17:09:52.845802 #47047]  INFO -- : 0:  multi_json (1.8.4) from /Users/lorenzo/.rvm/gems/ruby-2.0.0-p353@elixir/specifications/multi_json-1.8.4.gemspec
I, [2014-01-25T17:09:55.060964 #47047]  INFO -- : 0:  activesupport (3.2.16) from /Users/lorenzo/.rvm/gems/ruby-2.0.0-p353@elixir/specifications/activesupport-3.2.16.gemspec
I, [2014-01-25T17:09:56.814485 #47047]  INFO -- : 0:  addressable (2.3.5) from /Users/lorenzo/.rvm/gems/ruby-2.0.0-p353@elixir/specifications/addressable-2.3.5.gemspec
I, [2014-01-25T17:09:59.042442 #47047]  INFO -- : 0:  builder (3.2.2) from /Users/lorenzo/.rvm/gems/ruby-2.0.0-p353@elixir/specifications/builder-3.2.2.gemspec
I, [2014-01-25T17:10:00.605408 #47047]  INFO -- : 0:  gyoku (1.1.1) from /Users/lorenzo/.rvm/gems/ruby-2.0.0-p353@elixir/specifications/gyoku-1.1.1.gemspec
I, [2014-01-25T17:10:02.080138 #47047]  INFO -- : 0:  mini_portile (0.5.2) from /Users/lorenzo/.rvm/gems/ruby-2.0.0-p353@elixir/specifications/mini_portile-0.5.2.gemspec
I, [2014-01-25T17:11:21.778295 #47047]  INFO -- : 0:  nokogiri (1.6.1) from /Users/lorenzo/.rvm/gems/ruby-2.0.0-p353@elixir/specifications/nokogiri-1.6.1.gemspec
I, [2014-01-25T17:11:23.315246 #47047]  INFO -- : 0:  akami (1.2.0) from /Users/lorenzo/.rvm/gems/ruby-2.0.0-p353@elixir/specifications/akami-1.2.0.gemspec
I, [2014-01-25T17:11:24.884721 #47047]  INFO -- : 0:  archive-tar-minitar (0.5.2) from /Users/lorenzo/.rvm/gems/ruby-2.0.0-p353@elixir/specifications/archive-tar-minitar-0.5.2.gemspec
I, [2014-01-25T17:11:26.551112 #47047]  INFO -- : 0:  buff-ruby_engine (0.1.0) from /Users/lorenzo/.rvm/gems/ruby-2.0.0-p353@elixir/specifications/buff-ruby_engine-0.1.0.gemspec
I, [2014-01-25T17:11:28.171452 #47047]  INFO -- : 0:  buff-shell_out (0.1.1) from /Users/lorenzo/.rvm/gems/ruby-2.0.0-p353@elixir/specifications/buff-shell_out-0.1.1.gemspec
I, [2014-01-25T17:11:29.870491 #47047]  INFO -- : 0:  hashie (2.0.5) from /Users/lorenzo/.rvm/gems/ruby-2.0.0-p353@elixir/specifications/hashie-2.0.5.gemspec
I, [2014-01-25T17:11:32.055811 #47047]  INFO -- : 0:  chozo (0.6.1) from /Users/lorenzo/.rvm/gems/ruby-2.0.0-p353@elixir/specifications/chozo-0.6.1.gemspec
I, [2014-01-25T17:11:33.758307 #47047]  INFO -- : 0:  multipart-post (1.2.0) from /Users/lorenzo/.rvm/gems/ruby-2.0.0-p353@elixir/specifications/multipart-post-1.2.0.gemspec
I, [2014-01-25T17:11:35.608027 #47047]  INFO -- : 0:  faraday (0.8.9) from /Users/lorenzo/.rvm/gems/ruby-2.0.0-p353@elixir/specifications/faraday-0.8.9.gemspec
I, [2014-01-25T17:11:37.284748 #47047]  INFO -- : 0:  minitar (0.5.4) from /Users/lorenzo/.rvm/gems/ruby-2.0.0-p353@elixir/specifications/minitar-0.5.4.gemspec
I, [2014-01-25T17:11:39.015779 #47047]  INFO -- : 0:  rbzip2 (0.2.0) from /Users/lorenzo/.rvm/gems/ruby-2.0.0-p353@elixir/specifications/rbzip2-0.2.0.gemspec
I, [2014-01-25T17:11:40.532813 #47047]  INFO -- : 0:  retryable (1.3.4) from /Users/lorenzo/.rvm/gems/ruby-2.0.0-p353@elixir/specifications/retryable-1.3.4.gemspec
I, [2014-01-25T17:11:42.128572 #47047]  INFO -- : 0:  buff-extensions (0.5.0) from /Users/lorenzo/.rvm/gems/ruby-2.0.0-p353@elixir/specifications/buff-extensions-0.5.0.gemspec
I, [2014-01-25T17:11:44.835130 #47047]  INFO -- : 0:  varia_model (0.3.2) from /Users/lorenzo/.rvm/gems/ruby-2.0.0-p353@elixir/specifications/varia_model-0.3.2.gemspec
I, [2014-01-25T17:11:46.411500 #47047]  INFO -- : 0:  buff-config (0.4.0) from /Users/lorenzo/.rvm/gems/ruby-2.0.0-p353@elixir/specifications/buff-config-0.4.0.gemspec
I, [2014-01-25T17:11:48.090388 #47047]  INFO -- : 0:  buff-ignore (1.1.1) from /Users/lorenzo/.rvm/gems/ruby-2.0.0-p353@elixir/specifications/buff-ignore-1.1.1.gemspec
I, [2014-01-25T17:11:50.597064 #47047]  INFO -- : 0:  hitimes (1.2.1) from /Users/lorenzo/.rvm/gems/ruby-2.0.0-p353@elixir/specifications/hitimes-1.2.1.gemspec
I, [2014-01-25T17:11:52.177453 #47047]  INFO -- : 0:  timers (2.0.0) from /Users/lorenzo/.rvm/gems/ruby-2.0.0-p353@elixir/specifications/timers-2.0.0.gemspec
I, [2014-01-25T17:11:54.012592 #47047]  INFO -- : 0:  celluloid (0.14.1) from /Users/lorenzo/.rvm/gems/ruby-2.0.0-p353@elixir/specifications/celluloid-0.14.1.gemspec
I, [2014-01-25T17:11:56.836019 #47047]  INFO -- : 0:  nio4r (1.0.0) from /Users/lorenzo/.rvm/gems/ruby-2.0.0-p353@elixir/specifications/nio4r-1.0.0.gemspec
I, [2014-01-25T17:11:58.635121 #47047]  INFO -- : 0:  celluloid-io (0.14.1) from /Users/lorenzo/.rvm/gems/ruby-2.0.0-p353@elixir/specifications/celluloid-io-0.14.1.gemspec
I, [2014-01-25T17:12:00.649183 #47047]  INFO -- : 0:  erubis (2.7.0) from /Users/lorenzo/.rvm/gems/ruby-2.0.0-p353@elixir/specifications/erubis-2.7.0.gemspec
I, [2014-01-25T17:12:03.477592 #47047]  INFO -- : 0:  json (1.8.1) from /Users/lorenzo/.rvm/gems/ruby-2.0.0-p353@elixir/specifications/json-1.8.1.gemspec
I, [2014-01-25T17:12:05.052487 #47047]  INFO -- : 0:  mixlib-log (1.6.0) from /Users/lorenzo/.rvm/gems/ruby-2.0.0-p353@elixir/specifications/mixlib-log-1.6.0.gemspec
I, [2014-01-25T17:12:06.769850 #47047]  INFO -- : 0:  mixlib-authentication (1.3.0) from /Users/lorenzo/.rvm/gems/ruby-2.0.0-p353@elixir/specifications/mixlib-authentication-1.3.0.gemspec
I, [2014-01-25T17:12:08.452644 #47047]  INFO -- : 0:  net-http-persistent (2.9.1) from /Users/lorenzo/.rvm/gems/ruby-2.0.0-p353@elixir/specifications/net-http-persistent-2.9.1.gemspec
I, [2014-01-25T17:12:10.455448 #47047]  INFO -- : 0:  net-ssh (2.7.0) from /Users/lorenzo/.rvm/gems/ruby-2.0.0-p353@elixir/specifications/net-ssh-2.7.0.gemspec
I, [2014-01-25T17:12:12.096650 #47047]  INFO -- : 0:  solve (0.8.2) from /Users/lorenzo/.rvm/gems/ruby-2.0.0-p353@elixir/specifications/solve-0.8.2.gemspec
I, [2014-01-25T17:12:25.314740 #47047]  INFO -- : 0:  ffi (1.9.3) from /Users/lorenzo/.rvm/gems/ruby-2.0.0-p353@elixir/specifications/ffi-1.9.3.gemspec
I, [2014-01-25T17:12:26.939531 #47047]  INFO -- : 0:  gssapi (1.0.3) from /Users/lorenzo/.rvm/gems/ruby-2.0.0-p353@elixir/specifications/gssapi-1.0.3.gemspec
I, [2014-01-25T17:12:29.020431 #47047]  INFO -- : 0:  httpclient (2.3.4.1) from /Users/lorenzo/.rvm/gems/ruby-2.0.0-p353@elixir/specifications/httpclient-2.3.4.1.gemspec
I, [2014-01-25T17:12:30.502067 #47047]  INFO -- : 0:  little-plugger (1.1.3) from /Users/lorenzo/.rvm/gems/ruby-2.0.0-p353@elixir/specifications/little-plugger-1.1.3.gemspec
I, [2014-01-25T17:12:32.571314 #47047]  INFO -- : 0:  logging (1.8.1) from /Users/lorenzo/.rvm/gems/ruby-2.0.0-p353@elixir/specifications/logging-1.8.1.gemspec
I, [2014-01-25T17:12:34.554574 #47047]  INFO -- : 0:  rubyntlm (0.1.1) from /Users/lorenzo/.rvm/gems/ruby-2.0.0-p353@elixir/specifications/rubyntlm-0.1.1.gemspec
I, [2014-01-25T17:12:37.887641 #47047]  INFO -- : 0:  rack (1.5.2) from /Users/lorenzo/.rvm/gems/ruby-2.0.0-p353@elixir/specifications/rack-1.5.2.gemspec
I, [2014-01-25T17:12:39.395305 #47047]  INFO -- : 0:  httpi (0.9.7) from /Users/lorenzo/.rvm/gems/ruby-2.0.0-p353@elixir/specifications/httpi-0.9.7.gemspec
I, [2014-01-25T17:12:41.431949 #47047]  INFO -- : 0:  nori (1.1.5) from /Users/lorenzo/.rvm/gems/ruby-2.0.0-p353@elixir/specifications/nori-1.1.5.gemspec
I, [2014-01-25T17:12:43.057232 #47047]  INFO -- : 0:  wasabi (1.0.0) from /Users/lorenzo/.rvm/gems/ruby-2.0.0-p353@elixir/specifications/wasabi-1.0.0.gemspec
I, [2014-01-25T17:12:44.650275 #47047]  INFO -- : 0:  savon (0.9.5) from /Users/lorenzo/.rvm/gems/ruby-2.0.0-p353@elixir/specifications/savon-0.9.5.gemspec
I, [2014-01-25T17:12:46.439219 #47047]  INFO -- : 0:  uuidtools (2.1.4) from /Users/lorenzo/.rvm/gems/ruby-2.0.0-p353@elixir/specifications/uuidtools-2.1.4.gemspec
I, [2014-01-25T17:12:48.030445 #47047]  INFO -- : 0:  winrm (1.1.3) from /Users/lorenzo/.rvm/gems/ruby-2.0.0-p353@elixir/specifications/winrm-1.1.3.gemspec
I, [2014-01-25T17:12:51.105486 #47047]  INFO -- : 0:  ridley (1.5.3) from /Users/lorenzo/.rvm/gems/ruby-2.0.0-p353@elixir/specifications/ridley-1.5.3.gemspec
I, [2014-01-25T17:12:52.843708 #47047]  INFO -- : 0:  thor (0.18.1) from /Users/lorenzo/.rvm/gems/ruby-2.0.0-p353@elixir/specifications/thor-0.18.1.gemspec
I, [2014-01-25T17:12:55.354259 #47047]  INFO -- : 0:  berkshelf (2.0.13) from /Users/lorenzo/.rvm/gems/ruby-2.0.0-p353@elixir/specifications/berkshelf-2.0.13.gemspec
I, [2014-01-25T17:12:56.917320 #47047]  INFO -- : 0:  mario (0.0.6) from /Users/lorenzo/.rvm/gems/ruby-2.0.0-p353@elixir/specifications/mario-0.0.6.gemspec
I, [2014-01-25T17:12:58.651543 #47047]  INFO -- : 0:  net-scp (1.1.2) from /Users/lorenzo/.rvm/gems/ruby-2.0.0-p353@elixir/specifications/net-scp-1.1.2.gemspec
I, [2014-01-25T17:13:00.916807 #47047]  INFO -- : 0:  virtualbox (0.7.5) from /Users/lorenzo/.rvm/gems/ruby-2.0.0-p353@elixir/specifications/virtualbox-0.7.5.gemspec
I, [2014-01-25T17:13:03.036875 #47047]  INFO -- : 0:  vagrant (0.5.4) from /Users/lorenzo/.rvm/gems/ruby-2.0.0-p353@elixir/specifications/vagrant-0.5.4.gemspec
I, [2014-01-25T17:13:04.452648 #47047]  INFO -- : 0:  vagrant-berkshelf (1.3.7) from /Users/lorenzo/.rvm/gems/ruby-2.0.0-p353@elixir/specifications/vagrant-berkshelf-1.3.7.gemspec
I, [2014-01-25T17:13:06.382155 #47047]  INFO -- : 0:  vagrant-omnibus (1.2.1) from /Users/lorenzo/.rvm/gems/ruby-2.0.0-p353@elixir/specifications/vagrant-omnibus-1.2.1.gemspec
I, [2014-01-25T17:13:06.382479 #47047]  INFO -- : 0:  bundler (1.5.0) from /Users/lorenzo/.rvm/gems/ruby-2.0.0-p353@global/specifications/bundler-1.5.0.gemspec
I, [2014-01-25T17:17:52.711179 #67683]  INFO -- : 0:  i18n (0.6.9) from /Users/lorenzo/.rvm/gems/ruby-2.0.0-p353@elixir/specifications/i18n-0.6.9.gemspec
I, [2014-01-25T17:17:54.373112 #67683]  INFO -- : 0:  multi_json (1.8.4) from /Users/lorenzo/.rvm/gems/ruby-2.0.0-p353@elixir/specifications/multi_json-1.8.4.gemspec
I, [2014-01-25T17:17:59.881607 #67683]  INFO -- : 0:  activesupport (3.2.16) from /Users/lorenzo/.rvm/gems/ruby-2.0.0-p353@elixir/specifications/activesupport-3.2.16.gemspec
I, [2014-01-25T17:18:02.249797 #67683]  INFO -- : 0:  addressable (2.3.5) from /Users/lorenzo/.rvm/gems/ruby-2.0.0-p353@elixir/specifications/addressable-2.3.5.gemspec
I, [2014-01-25T17:18:04.035411 #67683]  INFO -- : 0:  builder (3.2.2) from /Users/lorenzo/.rvm/gems/ruby-2.0.0-p353@elixir/specifications/builder-3.2.2.gemspec
I, [2014-01-25T17:18:05.727085 #67683]  INFO -- : 0:  gyoku (1.1.1) from /Users/lorenzo/.rvm/gems/ruby-2.0.0-p353@elixir/specifications/gyoku-1.1.1.gemspec
I, [2014-01-25T17:18:11.998816 #67683]  INFO -- : 0:  mini_portile (0.5.2) from /Users/lorenzo/.rvm/gems/ruby-2.0.0-p353@elixir/specifications/mini_portile-0.5.2.gemspec
I, [2014-01-25T17:19:28.864641 #67683]  INFO -- : 0:  nokogiri (1.6.1) from /Users/lorenzo/.rvm/gems/ruby-2.0.0-p353@elixir/specifications/nokogiri-1.6.1.gemspec
I, [2014-01-25T17:19:30.952325 #67683]  INFO -- : 0:  akami (1.2.0) from /Users/lorenzo/.rvm/gems/ruby-2.0.0-p353@elixir/specifications/akami-1.2.0.gemspec
I, [2014-01-25T17:19:32.599728 #67683]  INFO -- : 0:  archive-tar-minitar (0.5.2) from /Users/lorenzo/.rvm/gems/ruby-2.0.0-p353@elixir/specifications/archive-tar-minitar-0.5.2.gemspec
I, [2014-01-25T17:19:34.135877 #67683]  INFO -- : 0:  buff-ruby_engine (0.1.0) from /Users/lorenzo/.rvm/gems/ruby-2.0.0-p353@elixir/specifications/buff-ruby_engine-0.1.0.gemspec
I, [2014-01-25T17:19:35.699638 #67683]  INFO -- : 0:  buff-shell_out (0.1.1) from /Users/lorenzo/.rvm/gems/ruby-2.0.0-p353@elixir/specifications/buff-shell_out-0.1.1.gemspec
I, [2014-01-25T17:19:37.426746 #67683]  INFO -- : 0:  hashie (2.0.5) from /Users/lorenzo/.rvm/gems/ruby-2.0.0-p353@elixir/specifications/hashie-2.0.5.gemspec
I, [2014-01-25T17:19:39.087094 #67683]  INFO -- : 0:  chozo (0.6.1) from /Users/lorenzo/.rvm/gems/ruby-2.0.0-p353@elixir/specifications/chozo-0.6.1.gemspec
I, [2014-01-25T17:19:41.681463 #67683]  INFO -- : 0:  multipart-post (1.2.0) from /Users/lorenzo/.rvm/gems/ruby-2.0.0-p353@elixir/specifications/multipart-post-1.2.0.gemspec
I, [2014-01-25T17:19:43.494067 #67683]  INFO -- : 0:  faraday (0.8.9) from /Users/lorenzo/.rvm/gems/ruby-2.0.0-p353@elixir/specifications/faraday-0.8.9.gemspec
I, [2014-01-25T17:19:45.184657 #67683]  INFO -- : 0:  minitar (0.5.4) from /Users/lorenzo/.rvm/gems/ruby-2.0.0-p353@elixir/specifications/minitar-0.5.4.gemspec
I, [2014-01-25T17:19:46.896593 #67683]  INFO -- : 0:  rbzip2 (0.2.0) from /Users/lorenzo/.rvm/gems/ruby-2.0.0-p353@elixir/specifications/rbzip2-0.2.0.gemspec
I, [2014-01-25T17:19:48.416073 #67683]  INFO -- : 0:  retryable (1.3.4) from /Users/lorenzo/.rvm/gems/ruby-2.0.0-p353@elixir/specifications/retryable-1.3.4.gemspec
I, [2014-01-25T17:19:50.043576 #67683]  INFO -- : 0:  buff-extensions (0.5.0) from /Users/lorenzo/.rvm/gems/ruby-2.0.0-p353@elixir/specifications/buff-extensions-0.5.0.gemspec
I, [2014-01-25T17:19:51.680602 #67683]  INFO -- : 0:  varia_model (0.3.2) from /Users/lorenzo/.rvm/gems/ruby-2.0.0-p353@elixir/specifications/varia_model-0.3.2.gemspec
I, [2014-01-25T17:19:53.207267 #67683]  INFO -- : 0:  buff-config (0.4.0) from /Users/lorenzo/.rvm/gems/ruby-2.0.0-p353@elixir/specifications/buff-config-0.4.0.gemspec
I, [2014-01-25T17:19:55.311978 #67683]  INFO -- : 0:  buff-ignore (1.1.1) from /Users/lorenzo/.rvm/gems/ruby-2.0.0-p353@elixir/specifications/buff-ignore-1.1.1.gemspec
I, [2014-01-25T17:19:57.930283 #67683]  INFO -- : 0:  hitimes (1.2.1) from /Users/lorenzo/.rvm/gems/ruby-2.0.0-p353@elixir/specifications/hitimes-1.2.1.gemspec
I, [2014-01-25T17:19:59.512902 #67683]  INFO -- : 0:  timers (2.0.0) from /Users/lorenzo/.rvm/gems/ruby-2.0.0-p353@elixir/specifications/timers-2.0.0.gemspec
I, [2014-01-25T17:20:01.116284 #67683]  INFO -- : 0:  celluloid (0.14.1) from /Users/lorenzo/.rvm/gems/ruby-2.0.0-p353@elixir/specifications/celluloid-0.14.1.gemspec
I, [2014-01-25T17:20:03.996053 #67683]  INFO -- : 0:  nio4r (1.0.0) from /Users/lorenzo/.rvm/gems/ruby-2.0.0-p353@elixir/specifications/nio4r-1.0.0.gemspec
I, [2014-01-25T17:20:05.848466 #67683]  INFO -- : 0:  celluloid-io (0.14.1) from /Users/lorenzo/.rvm/gems/ruby-2.0.0-p353@elixir/specifications/celluloid-io-0.14.1.gemspec
I, [2014-01-25T17:20:08.030139 #67683]  INFO -- : 0:  erubis (2.7.0) from /Users/lorenzo/.rvm/gems/ruby-2.0.0-p353@elixir/specifications/erubis-2.7.0.gemspec
I, [2014-01-25T17:20:10.866176 #67683]  INFO -- : 0:  json (1.8.1) from /Users/lorenzo/.rvm/gems/ruby-2.0.0-p353@elixir/specifications/json-1.8.1.gemspec
I, [2014-01-25T17:20:12.354137 #67683]  INFO -- : 0:  mixlib-log (1.6.0) from /Users/lorenzo/.rvm/gems/ruby-2.0.0-p353@elixir/specifications/mixlib-log-1.6.0.gemspec
I, [2014-01-25T17:20:14.038288 #67683]  INFO -- : 0:  mixlib-authentication (1.3.0) from /Users/lorenzo/.rvm/gems/ruby-2.0.0-p353@elixir/specifications/mixlib-authentication-1.3.0.gemspec
I, [2014-01-25T17:20:15.612588 #67683]  INFO -- : 0:  net-http-persistent (2.9.1) from /Users/lorenzo/.rvm/gems/ruby-2.0.0-p353@elixir/specifications/net-http-persistent-2.9.1.gemspec
I, [2014-01-25T17:20:18.017420 #67683]  INFO -- : 0:  net-ssh (2.7.0) from /Users/lorenzo/.rvm/gems/ruby-2.0.0-p353@elixir/specifications/net-ssh-2.7.0.gemspec
I, [2014-01-25T17:20:19.522968 #67683]  INFO -- : 0:  solve (0.8.2) from /Users/lorenzo/.rvm/gems/ruby-2.0.0-p353@elixir/specifications/solve-0.8.2.gemspec
I, [2014-01-25T17:20:33.120561 #67683]  INFO -- : 0:  ffi (1.9.3) from /Users/lorenzo/.rvm/gems/ruby-2.0.0-p353@elixir/specifications/ffi-1.9.3.gemspec
I, [2014-01-25T17:20:34.846577 #67683]  INFO -- : 0:  gssapi (1.0.3) from /Users/lorenzo/.rvm/gems/ruby-2.0.0-p353@elixir/specifications/gssapi-1.0.3.gemspec
I, [2014-01-25T17:20:36.921962 #67683]  INFO -- : 0:  httpclient (2.3.4.1) from /Users/lorenzo/.rvm/gems/ruby-2.0.0-p353@elixir/specifications/httpclient-2.3.4.1.gemspec
I, [2014-01-25T17:20:38.414210 #67683]  INFO -- : 0:  little-plugger (1.1.3) from /Users/lorenzo/.rvm/gems/ruby-2.0.0-p353@elixir/specifications/little-plugger-1.1.3.gemspec
I, [2014-01-25T17:20:40.350691 #67683]  INFO -- : 0:  logging (1.8.1) from /Users/lorenzo/.rvm/gems/ruby-2.0.0-p353@elixir/specifications/logging-1.8.1.gemspec
I, [2014-01-25T17:20:42.346150 #67683]  INFO -- : 0:  rubyntlm (0.1.1) from /Users/lorenzo/.rvm/gems/ruby-2.0.0-p353@elixir/specifications/rubyntlm-0.1.1.gemspec
I, [2014-01-25T17:20:44.842919 #67683]  INFO -- : 0:  rack (1.5.2) from /Users/lorenzo/.rvm/gems/ruby-2.0.0-p353@elixir/specifications/rack-1.5.2.gemspec
I, [2014-01-25T17:20:46.698144 #67683]  INFO -- : 0:  httpi (0.9.7) from /Users/lorenzo/.rvm/gems/ruby-2.0.0-p353@elixir/specifications/httpi-0.9.7.gemspec
I, [2014-01-25T17:20:48.249628 #67683]  INFO -- : 0:  nori (1.1.5) from /Users/lorenzo/.rvm/gems/ruby-2.0.0-p353@elixir/specifications/nori-1.1.5.gemspec
I, [2014-01-25T17:20:49.883187 #67683]  INFO -- : 0:  wasabi (1.0.0) from /Users/lorenzo/.rvm/gems/ruby-2.0.0-p353@elixir/specifications/wasabi-1.0.0.gemspec
I, [2014-01-25T17:20:51.434104 #67683]  INFO -- : 0:  savon (0.9.5) from /Users/lorenzo/.rvm/gems/ruby-2.0.0-p353@elixir/specifications/savon-0.9.5.gemspec
I, [2014-01-25T17:20:53.015336 #67683]  INFO -- : 0:  uuidtools (2.1.4) from /Users/lorenzo/.rvm/gems/ruby-2.0.0-p353@elixir/specifications/uuidtools-2.1.4.gemspec
I, [2014-01-25T17:20:54.669572 #67683]  INFO -- : 0:  winrm (1.1.3) from /Users/lorenzo/.rvm/gems/ruby-2.0.0-p353@elixir/specifications/winrm-1.1.3.gemspec
I, [2014-01-25T17:20:57.721019 #67683]  INFO -- : 0:  ridley (1.5.3) from /Users/lorenzo/.rvm/gems/ruby-2.0.0-p353@elixir/specifications/ridley-1.5.3.gemspec
I, [2014-01-25T17:20:59.659478 #67683]  INFO -- : 0:  thor (0.18.1) from /Users/lorenzo/.rvm/gems/ruby-2.0.0-p353@elixir/specifications/thor-0.18.1.gemspec
I, [2014-01-25T17:21:02.145086 #67683]  INFO -- : 0:  berkshelf (2.0.13) from /Users/lorenzo/.rvm/gems/ruby-2.0.0-p353@elixir/specifications/berkshelf-2.0.13.gemspec
I, [2014-01-25T17:21:03.687312 #67683]  INFO -- : 0:  mario (0.0.6) from /Users/lorenzo/.rvm/gems/ruby-2.0.0-p353@elixir/specifications/mario-0.0.6.gemspec
I, [2014-01-25T17:21:05.353223 #67683]  INFO -- : 0:  net-scp (1.1.2) from /Users/lorenzo/.rvm/gems/ruby-2.0.0-p353@elixir/specifications/net-scp-1.1.2.gemspec
I, [2014-01-25T17:21:07.364292 #67683]  INFO -- : 0:  virtualbox (0.7.5) from /Users/lorenzo/.rvm/gems/ruby-2.0.0-p353@elixir/specifications/virtualbox-0.7.5.gemspec
I, [2014-01-25T17:21:09.396251 #67683]  INFO -- : 0:  vagrant (0.5.4) from /Users/lorenzo/.rvm/gems/ruby-2.0.0-p353@elixir/specifications/vagrant-0.5.4.gemspec
I, [2014-01-25T17:21:09.396568 #67683]  INFO -- : 0:  bundler (1.5.0) from /Users/lorenzo/.rvm/gems/ruby-2.0.0-p353@global/specifications/bundler-1.5.0.gemspec
I, [2014-01-25T17:27:39.226693 #88697]  INFO -- : 0:  i18n (0.6.9) from /Users/lorenzo/.rvm/gems/ruby-2.0.0-p353@elixir/specifications/i18n-0.6.9.gemspec
I, [2014-01-25T17:27:42.260304 #88697]  INFO -- : 0:  multi_json (1.8.4) from /Users/lorenzo/.rvm/gems/ruby-2.0.0-p353@elixir/specifications/multi_json-1.8.4.gemspec
I, [2014-01-25T17:27:45.602955 #88697]  INFO -- : 0:  activesupport (3.2.16) from /Users/lorenzo/.rvm/gems/ruby-2.0.0-p353@elixir/specifications/activesupport-3.2.16.gemspec
I, [2014-01-25T17:27:48.047666 #88697]  INFO -- : 0:  addressable (2.3.5) from /Users/lorenzo/.rvm/gems/ruby-2.0.0-p353@elixir/specifications/addressable-2.3.5.gemspec
I, [2014-01-25T17:27:49.900558 #88697]  INFO -- : 0:  builder (3.2.2) from /Users/lorenzo/.rvm/gems/ruby-2.0.0-p353@elixir/specifications/builder-3.2.2.gemspec
I, [2014-01-25T17:27:51.867643 #88697]  INFO -- : 0:  gyoku (1.1.1) from /Users/lorenzo/.rvm/gems/ruby-2.0.0-p353@elixir/specifications/gyoku-1.1.1.gemspec
I, [2014-01-25T17:27:53.629081 #88697]  INFO -- : 0:  mini_portile (0.5.2) from /Users/lorenzo/.rvm/gems/ruby-2.0.0-p353@elixir/specifications/mini_portile-0.5.2.gemspec
I, [2014-01-25T17:29:15.462682 #88697]  INFO -- : 0:  nokogiri (1.6.1) from /Users/lorenzo/.rvm/gems/ruby-2.0.0-p353@elixir/specifications/nokogiri-1.6.1.gemspec
I, [2014-01-25T17:29:17.722622 #88697]  INFO -- : 0:  akami (1.2.0) from /Users/lorenzo/.rvm/gems/ruby-2.0.0-p353@elixir/specifications/akami-1.2.0.gemspec
I, [2014-01-25T17:29:20.421227 #88697]  INFO -- : 0:  buff-ruby_engine (0.1.0) from /Users/lorenzo/.rvm/gems/ruby-2.0.0-p353@elixir/specifications/buff-ruby_engine-0.1.0.gemspec
I, [2014-01-25T17:29:24.523455 #88697]  INFO -- : 0:  buff-shell_out (0.1.1) from /Users/lorenzo/.rvm/gems/ruby-2.0.0-p353@elixir/specifications/buff-shell_out-0.1.1.gemspec
I, [2014-01-25T17:29:28.682810 #88697]  INFO -- : 0:  hashie (2.0.5) from /Users/lorenzo/.rvm/gems/ruby-2.0.0-p353@elixir/specifications/hashie-2.0.5.gemspec
I, [2014-01-25T17:29:31.770582 #88697]  INFO -- : 0:  chozo (0.6.1) from /Users/lorenzo/.rvm/gems/ruby-2.0.0-p353@elixir/specifications/chozo-0.6.1.gemspec
I, [2014-01-25T17:29:34.198450 #88697]  INFO -- : 0:  multipart-post (1.2.0) from /Users/lorenzo/.rvm/gems/ruby-2.0.0-p353@elixir/specifications/multipart-post-1.2.0.gemspec
I, [2014-01-25T17:29:36.534789 #88697]  INFO -- : 0:  faraday (0.8.9) from /Users/lorenzo/.rvm/gems/ruby-2.0.0-p353@elixir/specifications/faraday-0.8.9.gemspec
I, [2014-01-25T17:29:38.650419 #88697]  INFO -- : 0:  minitar (0.5.4) from /Users/lorenzo/.rvm/gems/ruby-2.0.0-p353@elixir/specifications/minitar-0.5.4.gemspec
I, [2014-01-25T17:29:41.552042 #88697]  INFO -- : 0:  rbzip2 (0.2.0) from /Users/lorenzo/.rvm/gems/ruby-2.0.0-p353@elixir/specifications/rbzip2-0.2.0.gemspec
I, [2014-01-25T17:29:44.231979 #88697]  INFO -- : 0:  retryable (1.3.4) from /Users/lorenzo/.rvm/gems/ruby-2.0.0-p353@elixir/specifications/retryable-1.3.4.gemspec
I, [2014-01-25T17:29:46.129608 #88697]  INFO -- : 0:  buff-extensions (0.5.0) from /Users/lorenzo/.rvm/gems/ruby-2.0.0-p353@elixir/specifications/buff-extensions-0.5.0.gemspec
I, [2014-01-25T17:29:48.912246 #88697]  INFO -- : 0:  varia_model (0.3.2) from /Users/lorenzo/.rvm/gems/ruby-2.0.0-p353@elixir/specifications/varia_model-0.3.2.gemspec
I, [2014-01-25T17:29:50.557673 #88697]  INFO -- : 0:  buff-config (0.4.0) from /Users/lorenzo/.rvm/gems/ruby-2.0.0-p353@elixir/specifications/buff-config-0.4.0.gemspec
I, [2014-01-25T17:29:53.689148 #88697]  INFO -- : 0:  buff-ignore (1.1.1) from /Users/lorenzo/.rvm/gems/ruby-2.0.0-p353@elixir/specifications/buff-ignore-1.1.1.gemspec
I, [2014-01-25T17:29:56.294644 #88697]  INFO -- : 0:  hitimes (1.2.1) from /Users/lorenzo/.rvm/gems/ruby-2.0.0-p353@elixir/specifications/hitimes-1.2.1.gemspec
I, [2014-01-25T17:29:58.307145 #88697]  INFO -- : 0:  timers (2.0.0) from /Users/lorenzo/.rvm/gems/ruby-2.0.0-p353@elixir/specifications/timers-2.0.0.gemspec
I, [2014-01-25T17:30:00.689365 #88697]  INFO -- : 0:  celluloid (0.14.1) from /Users/lorenzo/.rvm/gems/ruby-2.0.0-p353@elixir/specifications/celluloid-0.14.1.gemspec
I, [2014-01-25T17:30:04.939062 #88697]  INFO -- : 0:  nio4r (1.0.0) from /Users/lorenzo/.rvm/gems/ruby-2.0.0-p353@elixir/specifications/nio4r-1.0.0.gemspec
I, [2014-01-25T17:30:07.311691 #88697]  INFO -- : 0:  celluloid-io (0.14.1) from /Users/lorenzo/.rvm/gems/ruby-2.0.0-p353@elixir/specifications/celluloid-io-0.14.1.gemspec
I, [2014-01-25T17:30:10.450246 #88697]  INFO -- : 0:  erubis (2.7.0) from /Users/lorenzo/.rvm/gems/ruby-2.0.0-p353@elixir/specifications/erubis-2.7.0.gemspec
I, [2014-01-25T17:30:14.326087 #88697]  INFO -- : 0:  json (1.8.1) from /Users/lorenzo/.rvm/gems/ruby-2.0.0-p353@elixir/specifications/json-1.8.1.gemspec
I, [2014-01-25T17:30:16.158873 #88697]  INFO -- : 0:  mixlib-log (1.6.0) from /Users/lorenzo/.rvm/gems/ruby-2.0.0-p353@elixir/specifications/mixlib-log-1.6.0.gemspec
I, [2014-01-25T17:30:18.966355 #88697]  INFO -- : 0:  mixlib-authentication (1.3.0) from /Users/lorenzo/.rvm/gems/ruby-2.0.0-p353@elixir/specifications/mixlib-authentication-1.3.0.gemspec
I, [2014-01-25T17:30:21.376462 #88697]  INFO -- : 0:  net-http-persistent (2.9.1) from /Users/lorenzo/.rvm/gems/ruby-2.0.0-p353@elixir/specifications/net-http-persistent-2.9.1.gemspec
I, [2014-01-25T17:30:24.704056 #88697]  INFO -- : 0:  net-ssh (2.7.0) from /Users/lorenzo/.rvm/gems/ruby-2.0.0-p353@elixir/specifications/net-ssh-2.7.0.gemspec
I, [2014-01-25T17:30:26.569545 #88697]  INFO -- : 0:  solve (0.8.2) from /Users/lorenzo/.rvm/gems/ruby-2.0.0-p353@elixir/specifications/solve-0.8.2.gemspec
I, [2014-01-25T17:30:40.978578 #88697]  INFO -- : 0:  ffi (1.9.3) from /Users/lorenzo/.rvm/gems/ruby-2.0.0-p353@elixir/specifications/ffi-1.9.3.gemspec
I, [2014-01-25T17:30:42.817917 #88697]  INFO -- : 0:  gssapi (1.0.3) from /Users/lorenzo/.rvm/gems/ruby-2.0.0-p353@elixir/specifications/gssapi-1.0.3.gemspec
I, [2014-01-25T17:30:45.205960 #88697]  INFO -- : 0:  httpclient (2.3.4.1) from /Users/lorenzo/.rvm/gems/ruby-2.0.0-p353@elixir/specifications/httpclient-2.3.4.1.gemspec
I, [2014-01-25T17:30:47.004351 #88697]  INFO -- : 0:  little-plugger (1.1.3) from /Users/lorenzo/.rvm/gems/ruby-2.0.0-p353@elixir/specifications/little-plugger-1.1.3.gemspec
I, [2014-01-25T17:30:49.632849 #88697]  INFO -- : 0:  logging (1.8.1) from /Users/lorenzo/.rvm/gems/ruby-2.0.0-p353@elixir/specifications/logging-1.8.1.gemspec
I, [2014-01-25T17:30:51.849882 #88697]  INFO -- : 0:  rubyntlm (0.1.1) from /Users/lorenzo/.rvm/gems/ruby-2.0.0-p353@elixir/specifications/rubyntlm-0.1.1.gemspec
I, [2014-01-25T17:30:55.197850 #88697]  INFO -- : 0:  rack (1.5.2) from /Users/lorenzo/.rvm/gems/ruby-2.0.0-p353@elixir/specifications/rack-1.5.2.gemspec
I, [2014-01-25T17:30:57.179574 #88697]  INFO -- : 0:  httpi (0.9.7) from /Users/lorenzo/.rvm/gems/ruby-2.0.0-p353@elixir/specifications/httpi-0.9.7.gemspec
I, [2014-01-25T17:30:59.338778 #88697]  INFO -- : 0:  nori (1.1.5) from /Users/lorenzo/.rvm/gems/ruby-2.0.0-p353@elixir/specifications/nori-1.1.5.gemspec
I, [2014-01-25T17:31:01.194940 #88697]  INFO -- : 0:  wasabi (1.0.0) from /Users/lorenzo/.rvm/gems/ruby-2.0.0-p353@elixir/specifications/wasabi-1.0.0.gemspec
I, [2014-01-25T17:31:03.058540 #88697]  INFO -- : 0:  savon (0.9.5) from /Users/lorenzo/.rvm/gems/ruby-2.0.0-p353@elixir/specifications/savon-0.9.5.gemspec
I, [2014-01-25T17:31:05.198203 #88697]  INFO -- : 0:  uuidtools (2.1.4) from /Users/lorenzo/.rvm/gems/ruby-2.0.0-p353@elixir/specifications/uuidtools-2.1.4.gemspec
I, [2014-01-25T17:31:07.129702 #88697]  INFO -- : 0:  winrm (1.1.3) from /Users/lorenzo/.rvm/gems/ruby-2.0.0-p353@elixir/specifications/winrm-1.1.3.gemspec
I, [2014-01-25T17:31:18.023144 #88697]  INFO -- : 0:  ridley (1.5.3) from /Users/lorenzo/.rvm/gems/ruby-2.0.0-p353@elixir/specifications/ridley-1.5.3.gemspec
I, [2014-01-25T17:31:19.818164 #88697]  INFO -- : 0:  thor (0.18.1) from /Users/lorenzo/.rvm/gems/ruby-2.0.0-p353@elixir/specifications/thor-0.18.1.gemspec
I, [2014-01-25T17:31:22.394195 #88697]  INFO -- : 0:  berkshelf (2.0.13) from /Users/lorenzo/.rvm/gems/ruby-2.0.0-p353@elixir/specifications/berkshelf-2.0.13.gemspec
I, [2014-01-25T17:31:22.394521 #88697]  INFO -- : 0:  bundler (1.5.0) from /Users/lorenzo/.rvm/gems/ruby-2.0.0-p353@global/specifications/bundler-1.5.0.gemspec
